  0.028827     0.91770
  0.057655     1.46533
  0.086482     1.41633
  0.115309     0.77558
  0.144136    -0.22225
  0.172964    -1.20352
  0.201791    -1.80033
  0.230618    -1.79329
  0.259445    -1.19694
  0.288273    -0.25467
  0.317100     0.65512
  0.345927     1.16553
  0.374755     1.06351
  0.403582     0.37320
  0.432409    -0.65263
  0.461236    -1.62974
  0.490064    -2.19105
  0.518891    -2.12922
  0.547718    -1.47801
  0.576546    -0.50036
  0.605373     0.41240
  0.634200     0.89183
  0.663027     0.73562
  0.691855    -0.01274
  0.720682    -1.07917
  0.749509    -2.06388
  0.778336    -2.59568
  0.807164    -2.47646
  0.835991    -1.75949
  0.864818    -0.73083
  0.893646     0.19983
  0.922473     0.65724
  0.951300     0.44666
  0.980127    -0.36874
  1.008955    -1.48992
  1.037782    -2.49577
  1.066609    -3.00547
  1.095437    -2.82692
  1.124264    -2.03344
  1.153091    -0.93842
  1.181918     0.02358
  1.210746     0.46407
  1.239573     0.19198
  1.268400    -0.70983
  1.297227    -1.91337
  1.326055    -2.96976
  1.354882    -3.48200
  1.383709    -3.25956
  1.412537    -2.39474
  1.441364    -1.22991
  1.470191    -0.22679
  1.499018     0.21286
  1.527846    -0.09395
  1.556673    -1.03528
  1.585500    -2.24212
  1.614328    -3.22779
  1.643155    -3.57681
  1.671982    -3.11099
  1.700809    -1.96750
  1.729637    -0.55675
  1.758464     0.58701
  1.787291     1.00715
  1.816118     0.50222
  1.844946    -0.78928
  1.873773    -2.43168
  1.902600    -3.84909
  1.931428    -4.53934
  1.960255    -4.26470
  1.989082    -3.14620
  2.017909    -1.62378
  2.046737    -0.29458
  2.075564     0.31153
  2.104391    -0.06481
  2.133219    -1.30826
  2.162046    -2.96518
  2.190873    -4.40977
  2.219700    -5.07958
  2.248528    -4.69248
  2.277355    -3.36214
  2.306182    -1.56600
  2.335009     0.02594
  2.363837     0.80007
  2.392664     0.43379
  2.421491    -0.97284
  2.450319    -2.92102
  2.479146    -4.68795
  2.507973    -5.59144
  2.536800    -5.24861
  2.565628    -3.73261
  2.594455    -1.56659
  2.623282     0.44772
  2.652110     1.50962
  2.680937     1.10998
  2.709764    -0.76983
  2.738591    -3.62175
  2.767419    -6.55209
  2.796246    -8.55279
  2.825073    -8.81139
  2.853900    -6.95705
  2.882728    -3.16459
  2.911555     1.91049
  2.940382     7.33424
  2.969210    12.15820
  2.998037    15.65463
  3.026864    17.45134
  3.055691    17.53779
  3.084519    16.16418
  3.113346    13.69246
  3.142173    10.46831
  3.171001     6.76429
  3.199828     2.80453
  3.228655    -1.16031
  3.257482    -4.78530
  3.286310    -7.62672
  3.315137    -9.22731
  3.343964    -9.27263
  3.372791    -7.75829
  3.401619    -5.08899
  3.430446    -2.04504
  3.459273     0.40232
  3.488101     1.38477
  3.516928     0.44563
  3.545755    -2.25200
  3.574582    -5.91115
  3.603410    -9.31326
  3.632237   -11.20785
  3.661064   -10.75862
  3.689892    -7.89053
  3.718719    -3.40128
  3.747546     1.22811
  3.776373     4.28793
  3.805201     4.42641
  3.834028     1.17624
  3.862855    -4.76678
  3.891682   -11.63128
  3.920510   -17.02696
  3.949337   -18.64925
  3.978164   -15.02021
  4.006992    -6.02856
  4.035819     6.91552
  4.064646    21.18052
  4.093473    33.59598
  4.122301    41.32118
  4.151128    42.64107
  4.179955    37.44822
  4.208782    27.26419
  4.237610    14.79514
  4.266437     3.15856
  4.295264    -4.98343
  4.324092    -8.12599
  4.352919    -6.25803
  4.381746    -0.75113
  4.410573     6.14183
  4.439401    12.00523
  4.468228    14.96787
  4.497055    14.18848
  4.525883     9.99277
  4.554710     3.65211
  4.583537    -3.09413
  4.612364    -8.60093
  4.641192   -11.78325
  4.670019   -12.35342
  4.698846   -10.78536
  4.727673    -8.05339
  4.756501    -5.25932
  4.785328    -3.28276
  4.814155    -2.56239
  4.842983    -3.05673
  4.871810    -4.36425
  4.900637    -5.93234
  4.929464    -7.26564
  4.958292    -8.06211
  4.987119    -8.24612
  5.015946    -7.91389
  5.044774    -7.23875
  5.073601    -6.38954
  5.102428    -5.49710
  5.131255    -4.67077
  5.160083    -4.03711
  5.188910    -3.76001
  5.217737    -4.01208
  5.246564    -4.89612
  5.275392    -6.34877
  5.304219    -8.07996
  5.333046    -9.59753
  5.361874   -10.33691
  5.390701    -9.86873
  5.419528    -8.11351
  5.448355    -5.47108
  5.477183    -2.78742
  5.506010    -1.13166
  5.534837    -1.42733
  5.563665    -4.04821
  5.592492    -8.52425
  5.621319   -13.48825
  5.650146   -16.92933
  5.678974   -16.72005
  5.707801   -11.28428
  5.736628    -0.20587
  5.765455    15.42771
  5.794283    33.09064
  5.823110    49.32003
  5.851937    60.54556
  5.880765    64.02769
  5.909592    58.63533
  5.938419    45.22568
  5.967246    26.49644
  5.996074     6.33278
  6.024901   -11.17770
  6.053728   -22.78705
  6.082556   -26.89076
  6.111383   -23.86645
  6.140210   -15.85829
  6.169037    -6.08128
  6.197865     2.14047
  6.226692     6.31436
  6.255519     5.42697
  6.284346     0.12349
  6.313174    -7.60968
  6.342001   -15.13777
  6.370828   -20.01759
  6.399656   -20.72391
  6.428483   -17.05034
  6.457310   -10.08449
  6.486137    -1.79380
  6.514965     5.62411
  6.543792    10.40989
  6.572619    11.72169
  6.601447     9.79102
  6.630274     5.73196
  6.659101     1.09230
  6.687928    -2.68921
  6.716756    -4.73674
  6.745583    -4.96162
  6.774410    -4.00049
  6.803237    -2.90853
  6.832065    -2.72691
  6.860892    -4.07779
  6.889719    -6.92232
  6.918547   -10.55584
  6.947374   -13.83259
  6.976201   -15.53722
  7.005028   -14.77696
  7.033856   -11.26782
  7.062683    -5.42880
  7.091510     1.73616
  7.120338     8.92086
  7.149165    14.86812
  7.177992    18.67988
  7.206819    19.99793
  7.235647    19.01537
  7.264474    16.33566
  7.293301    12.74168
  7.322128     8.95832
  7.350956     5.48340
  7.379783     2.52873
  7.408610     0.06997
  7.437438    -2.03406
  7.466265    -3.91151
  7.495092    -5.59191
  7.523919    -6.99468
  7.552747    -7.98768
  7.581574    -8.48130
  7.610401    -8.50924
  7.639229    -8.25368
  7.668056    -7.99709
  7.696883    -8.01574
  7.725710    -8.45736
  7.754538    -9.25633
  7.783365   -10.12922
  7.812192   -10.66320
  7.841019   -10.47277
  7.869847    -9.36825
  7.898674    -7.46798
  7.927501    -5.19998
  7.956329    -3.17600
  7.985156    -1.96933
  8.013983    -1.86964
  8.042810    -2.70761
  8.071638    -3.82861
  8.100465    -4.25007
  8.129292    -2.97372
  8.158119     0.63676
  8.186947     6.53840
  8.215774    13.87325
  8.244601    21.08822
  8.273429    26.30522
  8.302256    27.85065
  8.331083    24.78895
  8.359910    17.28723
  8.388738     6.67656
  8.417565    -4.83748
  8.446392   -14.75160
  8.475220   -20.96728
  8.504047   -22.40468
  8.532874   -19.32840
  8.561701   -13.26708
  8.590529    -6.53484
  8.619356    -1.49364
  8.648183     0.21220
  8.677010    -1.80247
  8.705838    -6.53527
  8.734665   -11.94015
  8.763492   -15.64621
  8.792320   -15.82137
  8.821147   -11.88946
  8.849974    -4.84242
  8.878801     2.98673
  8.907629     8.64852
  8.936456     9.58484
  8.965283     4.59490
  8.994111    -5.57316
  9.022938   -18.23390
  9.051765   -29.42222
  9.080592   -35.02883
  9.109420   -32.07858
  9.138247   -19.75112
  9.167074     0.19435
  9.195901    23.75391
  9.224729    45.70251
  9.253556    61.01590
  9.282383    66.26725
  9.311211    60.57384
  9.340038    45.80355
  9.368865    25.97954
  9.397692     6.07192
  9.426520    -9.44457
  9.455347   -17.81835
  9.484174   -18.66214
  9.513002   -13.83025
  9.541829    -6.60553
  9.570656    -0.49147
  9.599483     1.97441
  9.628311    -0.00890
  9.657138    -5.39276
  9.685965   -11.83108
  9.714792   -16.67399
  9.743620   -18.02848
  9.772447   -15.49382
  9.801274   -10.30120
  9.830102    -4.80514
  9.858929    -1.51220
  9.887756    -2.00657
  9.916583    -6.17915
  9.945411   -12.06904
  9.974238   -16.41384
 10.003065   -15.75288
 10.031893    -7.72049
 10.060720     7.91895
 10.089547    28.87539
 10.118374    50.75626
 10.147202    68.21756
 10.176029    76.50420
 10.204856    72.89933
 10.233683    57.61736
 10.262511    33.84383
 10.291338     6.89356
 10.320165   -17.26139
 10.348993   -33.64313
 10.377820   -39.59369
 10.406647   -35.37929
 10.435474   -23.91123
 10.464302    -9.70325
 10.493129     2.57875
 10.521956     9.50428
 10.550784     9.77410
 10.579611     4.37427
 10.608438    -4.00901
 10.637265   -12.07019
 10.666093   -17.06894
 10.694920   -17.71530
 10.723747   -14.47758
 10.752574    -9.24761
 10.781402    -4.52247
 10.810229    -2.42060
 10.839056    -3.89149
 10.867884    -8.39258
 10.896711   -14.12935
 10.925538   -18.75055
 10.954365   -20.23236
 10.983193   -17.62739
 11.012020   -11.41281
 11.040847    -3.32310
 11.069675     4.26042
 11.098502     9.13577
 11.127329    10.02433
 11.156156     6.97274
 11.184984     1.28116
 11.213811    -5.00225
 11.242638    -9.82810
 11.271465   -11.86168
 11.300293   -10.91482
 11.329120    -7.94822
 11.357947    -4.65567
 11.386775    -2.78958
 11.415602    -3.47522
 11.444429    -6.75968
 11.473256   -11.55388
 11.502084   -15.98502
 11.530911   -18.03429
 11.559738   -16.23890
 11.588566   -10.22049
 11.617393    -0.86647
 11.646220     9.88919
 11.675047    19.60684
 11.703875    26.02525
 11.732702    27.67494
 11.761529    24.24277
 11.790356    16.59968
 11.819184     6.51230
 11.848011    -3.84960
 11.876838   -12.45324
 11.905666   -17.84348
 11.934493   -19.38968
 11.963320   -17.31541
 11.992147   -12.54949
 12.020975    -6.46993
 12.049802    -0.61303
 12.078629     3.60294
 12.107457     5.11696
 12.136284     3.42042
 12.165111    -1.30297
 12.193938    -8.12086
 12.222766   -15.42338
 12.251593   -21.16063
 12.280420   -23.25105
 12.309247   -20.10614
 12.338075   -11.15262
 12.366902     2.80801
 12.395729    19.55401
 12.424557    35.79688
 12.453384    47.90371
 12.482211    52.83003
 12.511038    49.00813
 12.539866    36.91036
 12.568693    19.07453
 12.597520    -0.47333
 12.626347   -17.27550
 12.655175   -27.68798
 12.684002   -29.93828
 12.712829   -24.65090
 12.741657   -14.64496
 12.770484    -4.03380
 12.799311     3.11323
 12.828138     4.12874
 12.856966    -1.32079
 12.885793   -11.05440
 12.914620   -21.03857
 12.943448   -26.70577
 12.972275   -24.51756
 13.001102   -13.26132
 13.029929     5.36206
 13.058757    27.08374
 13.087584    46.26909
 13.116411    57.61398
 13.145238    57.79919
 13.174066    46.56536
 13.202893    26.84790
 13.231720     3.91071
 13.260548   -16.25631
 13.289375   -28.76745
 13.318202   -31.31088
 13.347029   -24.78299
 13.375857   -12.88354
 13.404684    -0.80801
 13.433511     6.53040
 13.462339     6.16154
 13.491166    -1.94555
 13.519993   -14.87786
 13.548820   -27.76301
 13.577648   -35.41384
 13.606475   -34.08706
 13.635302   -22.77493
 13.664129    -3.60700
 13.692957    18.76477
 13.721784    38.58935
 13.750611    50.77783
 13.779439    52.42958
 13.808266    43.63851
 13.837093    27.34108
 13.865920     8.28700
 13.894748    -8.50206
 13.923575   -19.26589
 13.952402   -22.53471
 13.981230   -19.34510
 14.010057   -12.61971
 14.038884    -5.96959
 14.067711    -2.36130
 14.096539    -3.11590
 14.125366    -7.57004
 14.154193   -13.48276
 14.183020   -18.00533
 14.211848   -18.83780
 14.240675   -15.14226
 14.269502    -7.88346
 14.298330     0.51718
 14.327157     7.07588
 14.355984     9.35411
 14.384811     6.37087
 14.413639    -1.01369
 14.442466   -10.38264
 14.471293   -18.61122
 14.500121   -22.97329
 14.528948   -22.10668
 14.557775   -16.49031
 14.586602    -8.26221
 14.615430    -0.44386
 14.644257     4.15147
 14.673084     3.93623
 14.701911    -0.87069
 14.730739    -8.30665
 14.759566   -15.34879
 14.788393   -18.97557
 14.817221   -17.23099
 14.846048    -9.91708
 14.874875     1.32528
 14.903702    13.56889
 14.932530    23.58357
 14.961357    28.89765
 14.990184    28.56254
 15.019012    23.35765
 15.047839    15.37929
 15.076666     7.18197
 15.105493     0.80309
 15.134321    -2.95786
 15.163148    -4.73127
 15.191975    -6.16600
 15.220802    -9.07074
 15.249630   -14.44077
 15.278457   -21.75997
 15.307284   -28.88092
 15.336112   -32.58267
 15.364939   -29.65598
 15.393766   -18.15900
 15.422593     1.60260
 15.451421    26.75049
 15.480248    52.33939
 15.509075    72.59395
 15.537903    82.52293
 15.566730    79.41155
 15.595557    63.70989
 15.624384    39.01279
 15.653212    11.10959
 15.682039   -13.62138
 15.710866   -29.98750
 15.739693   -35.38248
 15.768521   -30.38833
 15.797348   -18.40835
 15.826175    -4.46871
 15.855003     6.41327
 15.883830    10.76832
 15.912657     7.63960
 15.941484    -1.31025
 15.970312   -12.54585
 15.999139   -21.97797
 16.027966   -26.39551
 16.056794   -24.52997
 16.085621   -17.41101
 16.114448    -7.91968
 16.143275     0.28125
 16.172103     4.05572
 16.200930     1.88756
 16.229757    -5.61033
 16.258584   -15.93132
 16.287412   -25.55831
 16.316239   -31.17919
 16.345066   -30.81278
 16.373894   -24.46274
 16.402721   -14.08579
 16.431548    -2.89918
 16.460375     5.72315
 16.489203     9.38052
 16.518030     7.41504
 16.546857     1.06513
 16.575684    -7.03699
 16.604512   -13.83758
 16.633339   -16.95882
 16.662166   -15.53776
 16.690994   -10.51659
 16.719821    -4.28511
 16.748648     0.20031
 16.777475     0.51800
 16.806303    -4.27646
 16.835130   -13.19217
 16.863957   -23.49378
 16.892785   -31.49020
 16.921612   -33.67347
 16.950439   -27.84591
 16.979266   -13.87861
 17.008094     6.13632
 17.036921    28.38455
 17.065748    48.32271
 17.094575    61.86237
 17.123403    66.39556
 17.152230    61.37593
 17.181057    48.31840
 17.209885    30.26143
 17.238712    10.89113
 17.267539    -6.39215
 17.296366   -19.19630
 17.325194   -26.47518
 17.354021   -28.44713
 17.382848   -26.19448
 17.411676   -21.13021
 17.440503   -14.53176
 17.469330    -7.28581
 17.498157     0.11169
 17.526985     7.35985
 17.555812    14.09125
 17.584639    19.68809
 17.613466    23.27635
 17.642294    23.91738
 17.671121    20.93035
 17.699948    14.22049
 17.728776     4.47869
 17.757603    -6.84107
 17.786430   -17.78331
 17.815257   -26.32548
 17.844085   -30.85902
 17.872912   -30.57400
 17.901739   -25.63597
 17.930567   -17.11037
 17.959394    -6.66884
 17.988221     3.82539
 18.017048    12.72776
 18.045876    18.90783
 18.074703    21.86740
 18.103530    21.68226
 18.132357    18.82305
 18.161185    13.93977
 18.190012     7.68966
 18.218839     0.65597
 18.247667    -6.64077
 18.276494   -13.67697
 18.305321   -19.86381
 18.334148   -24.54023
 18.362976   -27.04510
 18.391803   -26.85509
 18.420630   -23.74409
 18.449458   -17.90664
 18.478285    -9.99697
 18.507112    -1.06157
 18.535939     7.62273
 18.564767    14.76614
 18.593594    19.28655
 18.622421    20.48678
 18.651248    18.16004
 18.680076    12.61770
 18.708903     4.65044
 18.737730    -4.56025
 18.766558   -13.56858
 18.795385   -20.82626
 18.824212   -24.88230
 18.853039   -24.61709
 18.881867   -19.48879
 18.910694    -9.74549
 18.939521     3.46176
 18.968349    18.13094
 18.997176    31.66602
 19.026003    41.32974
 19.054830    44.82060
 19.083658    40.84795
 19.112485    29.55261
 19.141312    12.63662
 19.170139    -6.87283
 19.198967   -25.20780
 19.227794   -38.67464
 19.256621   -44.50690
 19.285449   -41.53650
 19.314276   -30.49914
 19.343103   -13.87995
 19.371930     4.67241
 19.400758    21.21714
 19.429585    32.45184
 19.458412    36.45943
 19.487240    33.08026
 19.516067    23.82428
 19.544894    11.36624
 19.573721    -1.21985
 19.602549   -11.26581
 19.631376   -17.13372
 19.660203   -18.50374
 19.689030   -16.27478
 19.717858   -12.14186
 19.746685    -8.00141
 19.775512    -5.37283
 19.804340    -5.00244
 19.833167    -6.74662
 19.861994    -9.73759
 19.890821   -12.74999
 19.919649   -14.63354
 19.948476   -14.67138
 19.977303   -12.76140
